  Donkeykong.cpp
C:\Users\안지우\Desktop\PCM_DonKeyKong\Donkeykong\Donkeykong\Donkeykong.cpp(63,21): warning C4838: 'int'에서 'SHORT'(으)로의 변환에는 축소 변환이 필요합니다.
C:\Users\안지우\Desktop\PCM_DonKeyKong\Donkeykong\Donkeykong\Donkeykong.cpp(63,23): warning C4838: 'int'에서 'SHORT'(으)로의 변환에는 축소 변환이 필요합니다.
C:\Users\안지우\Desktop\PCM_DonKeyKong\Donkeykong\Donkeykong\Donkeykong.cpp(135,3): warning C4996: 'strcpy': This function or variable may be unsafe. Consider using strcpy_s instead. To disable deprecation, use _CRT_SECURE_NO_WARNINGS. See online help for details.
C:\Users\안지우\Desktop\PCM_DonKeyKong\Donkeykong\Donkeykong\Donkeykong.cpp(142,3): warning C4996: 'strcpy': This function or variable may be unsafe. Consider using strcpy_s instead. To disable deprecation, use _CRT_SECURE_NO_WARNINGS. See online help for details.
C:\Users\안지우\Desktop\PCM_DonKeyKong\Donkeykong\Donkeykong\Donkeykong.cpp(158,78): warning C4996: 'strcpy': This function or variable may be unsafe. Consider using strcpy_s instead. To disable deprecation, use _CRT_SECURE_NO_WARNINGS. See online help for details.
C:\Users\안지우\Desktop\PCM_DonKeyKong\Donkeykong\Donkeykong\Donkeykong.cpp(159,8): warning C4996: 'strcpy': This function or variable may be unsafe. Consider using strcpy_s instead. To disable deprecation, use _CRT_SECURE_NO_WARNINGS. See online help for details.
C:\Users\안지우\Desktop\PCM_DonKeyKong\Donkeykong\Donkeykong\Donkeykong.cpp(190,3): warning C4996: 'strcpy': This function or variable may be unsafe. Consider using strcpy_s instead. To disable deprecation, use _CRT_SECURE_NO_WARNINGS. See online help for details.
C:\Users\안지우\Desktop\PCM_DonKeyKong\Donkeykong\Donkeykong\Donkeykong.cpp(191,3): warning C4996: 'strcpy': This function or variable may be unsafe. Consider using strcpy_s instead. To disable deprecation, use _CRT_SECURE_NO_WARNINGS. See online help for details.
C:\Users\안지우\Desktop\PCM_DonKeyKong\Donkeykong\Donkeykong\Donkeykong.cpp(200,3): warning C4996: 'strcpy': This function or variable may be unsafe. Consider using strcpy_s instead. To disable deprecation, use _CRT_SECURE_NO_WARNINGS. See online help for details.
C:\Users\안지우\Desktop\PCM_DonKeyKong\Donkeykong\Donkeykong\Donkeykong.cpp(201,3): warning C4996: 'strcpy': This function or variable may be unsafe. Consider using strcpy_s instead. To disable deprecation, use _CRT_SECURE_NO_WARNINGS. See online help for details.
C:\Users\안지우\Desktop\PCM_DonKeyKong\Donkeykong\Donkeykong\Donkeykong.cpp(210,3): warning C4996: 'strcpy': This function or variable may be unsafe. Consider using strcpy_s instead. To disable deprecation, use _CRT_SECURE_NO_WARNINGS. See online help for details.
C:\Users\안지우\Desktop\PCM_DonKeyKong\Donkeykong\Donkeykong\Donkeykong.cpp(211,3): warning C4996: 'strcpy': This function or variable may be unsafe. Consider using strcpy_s instead. To disable deprecation, use _CRT_SECURE_NO_WARNINGS. See online help for details.
C:\Users\안지우\Desktop\PCM_DonKeyKong\Donkeykong\Donkeykong\Donkeykong.cpp(333,2): warning C4996: 'scanf': This function or variable may be unsafe. Consider using scanf_s instead. To disable deprecation, use _CRT_SECURE_NO_WARNINGS. See online help for details.
C:\Users\안지우\Desktop\PCM_DonKeyKong\Donkeykong\Donkeykong\Donkeykong.cpp(334,2): warning C4996: 'strcpy': This function or variable may be unsafe. Consider using strcpy_s instead. To disable deprecation, use _CRT_SECURE_NO_WARNINGS. See online help for details.
C:\Users\안지우\Desktop\PCM_DonKeyKong\Donkeykong\Donkeykong\Donkeykong.cpp(419,13): warning C4996: 'fopen': This function or variable may be unsafe. Consider using fopen_s instead. To disable deprecation, use _CRT_SECURE_NO_WARNINGS. See online help for details.
C:\Users\안지우\Desktop\PCM_DonKeyKong\Donkeykong\Donkeykong\Donkeykong.cpp(574,3): warning C4996: 'strcpy': This function or variable may be unsafe. Consider using strcpy_s instead. To disable deprecation, use _CRT_SECURE_NO_WARNINGS. See online help for details.
C:\Users\안지우\Desktop\PCM_DonKeyKong\Donkeykong\Donkeykong\Donkeykong.cpp(583,3): warning C4996: 'strcpy': This function or variable may be unsafe. Consider using strcpy_s instead. To disable deprecation, use _CRT_SECURE_NO_WARNINGS. See online help for details.
C:\Users\안지우\Desktop\PCM_DonKeyKong\Donkeykong\Donkeykong\Donkeykong.cpp(611,3): warning C4996: 'strcpy': This function or variable may be unsafe. Consider using strcpy_s instead. To disable deprecation, use _CRT_SECURE_NO_WARNINGS. See online help for details.
C:\Users\안지우\Desktop\PCM_DonKeyKong\Donkeykong\Donkeykong\Donkeykong.cpp(638,12): warning C4244: '인수': 'time_t'에서 'unsigned int'(으)로 변환하면서 데이터가 손실될 수 있습니다.
C:\Users\안지우\Desktop\PCM_DonKeyKong\Donkeykong\Donkeykong\Donkeykong.cpp(643,6): warning C4101: 'playerSelectNum' :참조되지 않은 지역 변수입니다.
  Donkeykong.vcxproj -> C:\Users\안지우\Desktop\PCM_DonKeyKong\Donkeykong\Debug\Donkeykong.exe
